Copyright 1986-2016 Xilinx, Inc. All Rights Reserved.
------------------------------------------------------------------------------------
| Tool Version : Vivado v.2016.4 (win64) Build 1733598 Wed Dec 14 22:35:39 MST 2016
| Date         : Tue Oct 02 18:35:10 2018
| Host         : ZCL running 64-bit major release  (build 9200)
| Command      : report_control_sets -verbose -file led_control_sets_placed.rpt
| Design       : led
| Device       : xc7z020
------------------------------------------------------------------------------------

Control Set Information

Table of Contents
-----------------
1. Summary
2. Flip-Flop Distribution
3. Detailed Control Set Information

1. Summary
----------

+----------------------------------------------------------+-------+
|                          Status                          | Count |
+----------------------------------------------------------+-------+
| Number of unique control sets                            |     2 |
| Unused register locations in slices containing registers |     3 |
+----------------------------------------------------------+-------+


2. Flip-Flop Distribution
-------------------------

+--------------+-----------------------+------------------------+-----------------+--------------+
| Clock Enable | Synchronous Set/Reset | Asynchronous Set/Reset | Total Registers | Total Slices |
+--------------+-----------------------+------------------------+-----------------+--------------+
| No           | No                    | No                     |               0 |            0 |
| No           | No                    | Yes                    |               0 |            0 |
| No           | Yes                   | No                     |              32 |           11 |
| Yes          | No                    | No                     |               0 |            0 |
| Yes          | No                    | Yes                    |               0 |            0 |
| Yes          | Yes                   | No                     |               5 |            2 |
+--------------+-----------------------+------------------------+-----------------+--------------+


3. Detailed Control Set Information
-----------------------------------

+----------------+----------------+------------------+------------------+----------------+
|  Clock Signal  |  Enable Signal | Set/Reset Signal | Slice Load Count | Bel Load Count |
+----------------+----------------+------------------+------------------+----------------+
|  clk_IBUF_BUFG | led[3]_i_1_n_0 | p_0_in           |                2 |              5 |
|  clk_IBUF_BUFG |                | p_0_in           |               11 |             32 |
+----------------+----------------+------------------+------------------+----------------+


+--------+-----------------------+
| Fanout | Number of ControlSets |
+--------+-----------------------+
| 5      |                     1 |
| 16+    |                     1 |
+--------+-----------------------+


