
*** Running vivado
    with args -log led.vdi -applog -m64 -product Vivado -messageDb vivado.pb -mode batch -source led.tcl -notrace


****** Vivado v2016.4 (64-bit)
  **** SW Build 1733598 on Wed Dec 14 22:35:39 MST 2016
  **** IP Build 1731160 on Wed Dec 14 23:47:21 MST 2016
    ** Copyright 1986-2016 Xilinx, Inc. All Rights Reserved.

source led.tcl -notrace
Design is defaulting to srcset: sources_1
Design is defaulting to constrset: constrs_1
INFO: [Netlist 29-17] Analyzing 10 Unisim elements for replacement
INFO: [Netlist 29-28] Unisim Transformation completed in 0 CPU seconds
INFO: [Project 1-479] Netlist was created with Vivado 2016.4
INFO: [Device 21-403] Loading part xc7z020clg400-2
INFO: [Project 1-570] Preparing netlist for logic optimization
Parsing XDC File [D:/hexospace/hexo/source/prj/prj_led/prj_led/my_xdc/led_pin.xdc]
Finished Parsing XDC File [D:/hexospace/hexo/source/prj/prj_led/prj_led/my_xdc/led_pin.xdc]
INFO: [Opt 31-138] Pushed 0 inverter(s) to 0 load pin(s).
INFO: [Project 1-111] Unisim Transformation Summary:
No Unisim elements were transformed.

link_design: Time (s): cpu = 00:00:07 ; elapsed = 00:00:08 . Memory (MB): peak = 525.629 ; gain = 279.273
INFO: [Vivado_Tcl 4-424] Cannot write hardware definition file as there are no IPI block design hardware handoff files present
Command: opt_design
Attempting to get a license for feature 'Implementation' and/or device 'xc7z020'
INFO: [Common 17-349] Got license for feature 'Implementation' and/or device 'xc7z020'
Running DRC as a precondition to command opt_design

Starting DRC Task
INFO: [DRC 23-27] Running DRC with 2 threads
INFO: [Project 1-461] DRC finished with 0 Errors
INFO: [Project 1-462] Please refer to the DRC report (report_drc) for more information.

Time (s): cpu = 00:00:01 ; elapsed = 00:00:00.716 . Memory (MB): peak = 535.043 ; gain = 9.414
INFO: [Timing 38-35] Done setting XDC timing constraints.

Starting Logic Optimization Task
Implement Debug Cores | Checksum: 13bbe9094

Phase 1 Retarget
INFO: [Opt 31-138] Pushed 0 inverter(s) to 0 load pin(s).
INFO: [Opt 31-49] Retargeted 0 cell(s).
Phase 1 Retarget | Checksum: 14e1b5611

Time (s): cpu = 00:00:00 ; elapsed = 00:00:00.070 . Memory (MB): peak = 1023.906 ; gain = 0.000

Phase 2 Constant propagation
INFO: [Opt 31-138] Pushed 0 inverter(s) to 0 load pin(s).
INFO: [Opt 31-10] Eliminated 0 cells.
Phase 2 Constant propagation | Checksum: 14e1b5611

Time (s): cpu = 00:00:00 ; elapsed = 00:00:00.075 . Memory (MB): peak = 1023.906 ; gain = 0.000

Phase 3 Sweep
INFO: [Opt 31-12] Eliminated 23 unconnected nets.
INFO: [Opt 31-11] Eliminated 0 unconnected cells.
Phase 3 Sweep | Checksum: 1859324d3

Time (s): cpu = 00:00:00 ; elapsed = 00:00:00.085 . Memory (MB): peak = 1023.906 ; gain = 0.000

Phase 4 BUFG optimization
INFO: [Opt 31-12] Eliminated 0 unconnected nets.
INFO: [Opt 31-11] Eliminated 0 unconnected cells.
Phase 4 BUFG optimization | Checksum: 1859324d3

Time (s): cpu = 00:00:00 ; elapsed = 00:00:00.096 . Memory (MB): peak = 1023.906 ; gain = 0.000

Starting Connectivity Check Task

Time (s): cpu = 00:00:00 ; elapsed = 00:00:00.001 . Memory (MB): peak = 1023.906 ; gain = 0.000
Ending Logic Optimization Task | Checksum: 1859324d3

Time (s): cpu = 00:00:00 ; elapsed = 00:00:00.098 . Memory (MB): peak = 1023.906 ; gain = 0.000

Starting Power Optimization Task
INFO: [Pwropt 34-132] Skipping clock gating for clocks with a period < 2.00 ns.
Ending Power Optimization Task | Checksum: 1859324d3

Time (s): cpu = 00:00:00 ; elapsed = 00:00:00.008 . Memory (MB): peak = 1023.906 ; gain = 0.000
INFO: [Common 17-83] Releasing license: Implementation
23 Infos, 0 Warnings, 0 Critical Warnings and 0 Errors encountered.
opt_design completed successfully
opt_design: Time (s): cpu = 00:00:16 ; elapsed = 00:00:16 . Memory (MB): peak = 1023.906 ; gain = 498.277
Writing placer database...
Writing XDEF routing.
Writing XDEF routing logical nets.
Writing XDEF routing special nets.
Write XDEF Complete: Time (s): cpu = 00:00:00 ; elapsed = 00:00:00.077 . Memory (MB): peak = 1023.906 ; gain = 0.000
INFO: [Common 17-1381] The checkpoint 'D:/hexospace/hexo/source/prj/prj_led/prj_led/prj_led.runs/impl_1/led_opt.dcp' has been generated.
INFO: [DRC 23-27] Running DRC with 2 threads
INFO: [Coretcl 2-168] The results of DRC are in file D:/hexospace/hexo/source/prj/prj_led/prj_led/prj_led.runs/impl_1/led_drc_opted.rpt.
INFO: [Chipscope 16-241] No debug cores found in the current design.
Before running the implement_debug_core command, either use the Set Up Debug wizard (GUI mode)
or use the create_debug_core and connect_debug_core Tcl commands to insert debug cores into the design.
Command: place_design
Attempting to get a license for feature 'Implementation' and/or device 'xc7z020'
INFO: [Common 17-349] Got license for feature 'Implementation' and/or device 'xc7z020'
INFO: [DRC 23-27] Running DRC with 2 threads
INFO: [Vivado_Tcl 4-198] DRC finished with 0 Errors
INFO: [Vivado_Tcl 4-199] Please refer to the DRC report (report_drc) for more information.
Running DRC as a precondition to command place_design
INFO: [DRC 23-27] Running DRC with 2 threads
INFO: [Vivado_Tcl 4-198] DRC finished with 0 Errors
INFO: [Vivado_Tcl 4-199] Please refer to the DRC report (report_drc) for more information.

Starting Placer Task
INFO: [Place 30-611] Multithreading enabled for place_design using a maximum of 2 CPUs

Phase 1 Placer Initialization
Netlist sorting complete. Time (s): cpu = 00:00:00 ; elapsed = 00:00:00 . Memory (MB): peak = 1023.906 ; gain = 0.000
Netlist sorting complete. Time (s): cpu = 00:00:00 ; elapsed = 00:00:00.001 . Memory (MB): peak = 1023.906 ; gain = 0.000

Phase 1.1 IO Placement/ Clock Placement/ Build Placer Device
INFO: [Timing 38-35] Done setting XDC timing constraints.
Phase 1.1 IO Placement/ Clock Placement/ Build Placer Device | Checksum: 05facd21

Time (s): cpu = 00:00:01 ; elapsed = 00:00:01 . Memory (MB): peak = 1046.855 ; gain = 22.949

Phase 1.2 Build Placer Netlist Model
Phase 1.2 Build Placer Netlist Model | Checksum: 299d421d

Time (s): cpu = 00:00:01 ; elapsed = 00:00:01 . Memory (MB): peak = 1046.855 ; gain = 22.949

Phase 1.3 Constrain Clocks/Macros
Phase 1.3 Constrain Clocks/Macros | Checksum: 299d421d

Time (s): cpu = 00:00:01 ; elapsed = 00:00:01 . Memory (MB): peak = 1046.855 ; gain = 22.949
Phase 1 Placer Initialization | Checksum: 299d421d

Time (s): cpu = 00:00:01 ; elapsed = 00:00:01 . Memory (MB): peak = 1046.855 ; gain = 22.949

Phase 2 Global Placement
Phase 2 Global Placement | Checksum: 73cec368

Time (s): cpu = 00:00:02 ; elapsed = 00:00:01 . Memory (MB): peak = 1046.855 ; gain = 22.949

Phase 3 Detail Placement

Phase 3.1 Commit Multi Column Macros
Phase 3.1 Commit Multi Column Macros | Checksum: 73cec368

Time (s): cpu = 00:00:02 ; elapsed = 00:00:01 . Memory (MB): peak = 1046.855 ; gain = 22.949

Phase 3.2 Commit Most Macros & LUTRAMs
Phase 3.2 Commit Most Macros & LUTRAMs | Checksum: bbafd218

Time (s): cpu = 00:00:02 ; elapsed = 00:00:02 . Memory (MB): peak = 1046.855 ; gain = 22.949

Phase 3.3 Area Swap Optimization
Phase 3.3 Area Swap Optimization | Checksum: c5a5bd1a

Time (s): cpu = 00:00:02 ; elapsed = 00:00:02 . Memory (MB): peak = 1046.855 ; gain = 22.949

Phase 3.4 Pipeline Register Optimization
Phase 3.4 Pipeline Register Optimization | Checksum: c5a5bd1a

Time (s): cpu = 00:00:02 ; elapsed = 00:00:02 . Memory (MB): peak = 1046.855 ; gain = 22.949

Phase 3.5 Timing Path Optimizer
Phase 3.5 Timing Path Optimizer | Checksum: 1b5206b3c

Time (s): cpu = 00:00:02 ; elapsed = 00:00:02 . Memory (MB): peak = 1046.855 ; gain = 22.949

Phase 3.6 Small Shape Detail Placement
Phase 3.6 Small Shape Detail Placement | Checksum: 13aba8ca2

Time (s): cpu = 00:00:02 ; elapsed = 00:00:02 . Memory (MB): peak = 1046.855 ; gain = 22.949

Phase 3.7 Re-assign LUT pins
Phase 3.7 Re-assign LUT pins | Checksum: 1064d3fde

Time (s): cpu = 00:00:02 ; elapsed = 00:00:02 . Memory (MB): peak = 1046.855 ; gain = 22.949

Phase 3.8 Pipeline Register Optimization
Phase 3.8 Pipeline Register Optimization | Checksum: 1064d3fde

Time (s): cpu = 00:00:02 ; elapsed = 00:00:02 . Memory (MB): peak = 1046.855 ; gain = 22.949
Phase 3 Detail Placement | Checksum: 1064d3fde

Time (s): cpu = 00:00:02 ; elapsed = 00:00:02 . Memory (MB): peak = 1046.855 ; gain = 22.949

Phase 4 Post Placement Optimization and Clean-Up

Phase 4.1 Post Commit Optimization
INFO: [Timing 38-35] Done setting XDC timing constraints.

Phase 4.1.1 Post Placement Optimization
INFO: [Place 30-746] Post Placement Timing Summary WNS=6.718. For the most accurate timing information please run report_timing.
Phase 4.1.1 Post Placement Optimization | Checksum: 7f8b8d13

Time (s): cpu = 00:00:02 ; elapsed = 00:00:02 . Memory (MB): peak = 1046.855 ; gain = 22.949
Phase 4.1 Post Commit Optimization | Checksum: 7f8b8d13

Time (s): cpu = 00:00:02 ; elapsed = 00:00:02 . Memory (MB): peak = 1046.855 ; gain = 22.949

Phase 4.2 Post Placement Cleanup
Phase 4.2 Post Placement Cleanup | Checksum: 7f8b8d13

Time (s): cpu = 00:00:02 ; elapsed = 00:00:02 . Memory (MB): peak = 1046.855 ; gain = 22.949

Phase 4.3 Placer Reporting
Phase 4.3 Placer Reporting | Checksum: 7f8b8d13

Time (s): cpu = 00:00:02 ; elapsed = 00:00:02 . Memory (MB): peak = 1046.855 ; gain = 22.949

Phase 4.4 Final Placement Cleanup
Phase 4.4 Final Placement Cleanup | Checksum: 13a1702ef

Time (s): cpu = 00:00:02 ; elapsed = 00:00:02 . Memory (MB): peak = 1046.855 ; gain = 22.949
Phase 4 Post Placement Optimization and Clean-Up | Checksum: 13a1702ef

Time (s): cpu = 00:00:02 ; elapsed = 00:00:02 . Memory (MB): peak = 1046.855 ; gain = 22.949
Ending Placer Task | Checksum: 12b0f6fd9

Time (s): cpu = 00:00:02 ; elapsed = 00:00:02 . Memory (MB): peak = 1046.855 ; gain = 22.949
INFO: [Common 17-83] Releasing license: Implementation
39 Infos, 0 Warnings, 0 Critical Warnings and 0 Errors encountered.
place_design completed successfully
Writing placer database...
Writing XDEF routing.
Writing XDEF routing logical nets.
Writing XDEF routing special nets.
Write XDEF Complete: Time (s): cpu = 00:00:00 ; elapsed = 00:00:00.134 . Memory (MB): peak = 1046.855 ; gain = 0.000
INFO: [Common 17-1381] The checkpoint 'D:/hexospace/hexo/source/prj/prj_led/prj_led/prj_led.runs/impl_1/led_placed.dcp' has been generated.
report_io: Time (s): cpu = 00:00:01 ; elapsed = 00:00:00.087 . Memory (MB): peak = 1046.855 ; gain = 0.000
report_utilization: Time (s): cpu = 00:00:00 ; elapsed = 00:00:00.038 . Memory (MB): peak = 1046.855 ; gain = 0.000
report_control_sets: Time (s): cpu = 00:00:00 ; elapsed = 00:00:00.003 . Memory (MB): peak = 1046.855 ; gain = 0.000
Command: route_design
Attempting to get a license for feature 'Implementation' and/or device 'xc7z020'
INFO: [Common 17-349] Got license for feature 'Implementation' and/or device 'xc7z020'
Running DRC as a precondition to command route_design
INFO: [DRC 23-27] Running DRC with 2 threads
INFO: [Vivado_Tcl 4-198] DRC finished with 0 Errors
INFO: [Vivado_Tcl 4-199] Please refer to the DRC report (report_drc) for more information.


Starting Routing Task
INFO: [Route 35-254] Multithreading enabled for route_design using a maximum of 2 CPUs
Checksum: PlaceDB: 6c7d747b ConstDB: 0 ShapeSum: be91fb5e RouteDB: 0

Phase 1 Build RT Design
Phase 1 Build RT Design | Checksum: 15aa8fc44

Time (s): cpu = 00:00:45 ; elapsed = 00:00:42 . Memory (MB): peak = 1174.004 ; gain = 127.148

Phase 2 Router Initialization

Phase 2.1 Create Timer
Phase 2.1 Create Timer | Checksum: 15aa8fc44

Time (s): cpu = 00:00:45 ; elapsed = 00:00:42 . Memory (MB): peak = 1174.004 ; gain = 127.148

Phase 2.2 Fix Topology Constraints
Phase 2.2 Fix Topology Constraints | Checksum: 15aa8fc44

Time (s): cpu = 00:00:45 ; elapsed = 00:00:42 . Memory (MB): peak = 1174.004 ; gain = 127.148

Phase 2.3 Pre Route Cleanup
Phase 2.3 Pre Route Cleanup | Checksum: 15aa8fc44

Time (s): cpu = 00:00:45 ; elapsed = 00:00:42 . Memory (MB): peak = 1174.004 ; gain = 127.148
 Number of Nodes with overlaps = 0

Phase 2.4 Update Timing
Phase 2.4 Update Timing | Checksum: 27d4366f1

Time (s): cpu = 00:00:46 ; elapsed = 00:00:42 . Memory (MB): peak = 1178.125 ; gain = 131.270
INFO: [Route 35-416] Intermediate Timing Summary | WNS=6.642  | TNS=0.000  | WHS=-0.111 | THS=-1.360 |

Phase 2 Router Initialization | Checksum: 22fc2ff07

Time (s): cpu = 00:00:46 ; elapsed = 00:00:42 . Memory (MB): peak = 1178.125 ; gain = 131.270

Phase 3 Initial Routing
Phase 3 Initial Routing | Checksum: 1b6153fe1

Time (s): cpu = 00:00:46 ; elapsed = 00:00:43 . Memory (MB): peak = 1178.125 ; gain = 131.270

Phase 4 Rip-up And Reroute

Phase 4.1 Global Iteration 0
 Number of Nodes with overlaps = 0

Phase 4.1.1 Update Timing
Phase 4.1.1 Update Timing | Checksum: 23b0dc10d

Time (s): cpu = 00:00:46 ; elapsed = 00:00:43 . Memory (MB): peak = 1178.125 ; gain = 131.270
INFO: [Route 35-416] Intermediate Timing Summary | WNS=5.951  | TNS=0.000  | WHS=N/A    | THS=N/A    |

Phase 4.1 Global Iteration 0 | Checksum: 28f52a07c

Time (s): cpu = 00:00:46 ; elapsed = 00:00:43 . Memory (MB): peak = 1178.125 ; gain = 131.270
Phase 4 Rip-up And Reroute | Checksum: 28f52a07c

Time (s): cpu = 00:00:46 ; elapsed = 00:00:43 . Memory (MB): peak = 1178.125 ; gain = 131.270

Phase 5 Delay and Skew Optimization

Phase 5.1 Delay CleanUp
Phase 5.1 Delay CleanUp | Checksum: 28f52a07c

Time (s): cpu = 00:00:46 ; elapsed = 00:00:43 . Memory (MB): peak = 1178.125 ; gain = 131.270

Phase 5.2 Clock Skew Optimization
Phase 5.2 Clock Skew Optimization | Checksum: 28f52a07c

Time (s): cpu = 00:00:46 ; elapsed = 00:00:43 . Memory (MB): peak = 1178.125 ; gain = 131.270
Phase 5 Delay and Skew Optimization | Checksum: 28f52a07c

Time (s): cpu = 00:00:46 ; elapsed = 00:00:43 . Memory (MB): peak = 1178.125 ; gain = 131.270

Phase 6 Post Hold Fix

Phase 6.1 Hold Fix Iter

Phase 6.1.1 Update Timing
Phase 6.1.1 Update Timing | Checksum: 1e91169c0

Time (s): cpu = 00:00:46 ; elapsed = 00:00:43 . Memory (MB): peak = 1178.125 ; gain = 131.270
INFO: [Route 35-416] Intermediate Timing Summary | WNS=6.099  | TNS=0.000  | WHS=0.147  | THS=0.000  |

Phase 6.1 Hold Fix Iter | Checksum: 1e91169c0

Time (s): cpu = 00:00:46 ; elapsed = 00:00:43 . Memory (MB): peak = 1178.125 ; gain = 131.270
Phase 6 Post Hold Fix | Checksum: 1e91169c0

Time (s): cpu = 00:00:46 ; elapsed = 00:00:43 . Memory (MB): peak = 1178.125 ; gain = 131.270

Phase 7 Route finalize

Router Utilization Summary
  Global Vertical Routing Utilization    = 0.0114943 %
  Global Horizontal Routing Utilization  = 0.00862069 %
  Routable Net Status*
  *Does not include unroutable nets such as driverless and loadless.
  Run report_route_status for detailed report.
  Number of Failed Nets               = 0
  Number of Unrouted Nets             = 0
  Number of Partially Routed Nets     = 0
  Number of Node Overlaps             = 0

Phase 7 Route finalize | Checksum: 25114d753

Time (s): cpu = 00:00:46 ; elapsed = 00:00:43 . Memory (MB): peak = 1178.125 ; gain = 131.270

Phase 8 Verifying routed nets

 Verification completed successfully
Phase 8 Verifying routed nets | Checksum: 25114d753

Time (s): cpu = 00:00:46 ; elapsed = 00:00:43 . Memory (MB): peak = 1178.125 ; gain = 131.270

Phase 9 Depositing Routes
Phase 9 Depositing Routes | Checksum: 177d755cf

Time (s): cpu = 00:00:46 ; elapsed = 00:00:43 . Memory (MB): peak = 1178.125 ; gain = 131.270

Phase 10 Post Router Timing
INFO: [Route 35-57] Estimated Timing Summary | WNS=6.099  | TNS=0.000  | WHS=0.147  | THS=0.000  |

INFO: [Route 35-327] The final timing numbers are based on the router estimated timing analysis. For a complete and accurate timing signoff, please run report_timing_summary.
Phase 10 Post Router Timing | Checksum: 177d755cf

Time (s): cpu = 00:00:46 ; elapsed = 00:00:43 . Memory (MB): peak = 1178.125 ; gain = 131.270
INFO: [Route 35-16] Router Completed Successfully

Time (s): cpu = 00:00:46 ; elapsed = 00:00:43 . Memory (MB): peak = 1178.125 ; gain = 131.270

Routing Is Done.
INFO: [Common 17-83] Releasing license: Implementation
52 Infos, 0 Warnings, 0 Critical Warnings and 0 Errors encountered.
route_design completed successfully
route_design: Time (s): cpu = 00:00:48 ; elapsed = 00:00:44 . Memory (MB): peak = 1178.125 ; gain = 131.270
Writing placer database...
Writing XDEF routing.
Writing XDEF routing logical nets.
Writing XDEF routing special nets.
Write XDEF Complete: Time (s): cpu = 00:00:00 ; elapsed = 00:00:00.100 . Memory (MB): peak = 1178.125 ; gain = 0.000
INFO: [Common 17-1381] The checkpoint 'D:/hexospace/hexo/source/prj/prj_led/prj_led/prj_led.runs/impl_1/led_routed.dcp' has been generated.
INFO: [DRC 23-27] Running DRC with 2 threads
INFO: [Coretcl 2-168] The results of DRC are in file D:/hexospace/hexo/source/prj/prj_led/prj_led/prj_led.runs/impl_1/led_drc_routed.rpt.
INFO: [Timing 38-35] Done setting XDC timing constraints.
INFO: [DRC 23-133] Running Methodology with 2 threads
INFO: [Coretcl 2-1520] The results of Report Methodology are in file D:/hexospace/hexo/source/prj/prj_led/prj_led/prj_led.runs/impl_1/led_methodology_drc_routed.rpt.
INFO: [Timing 38-35] Done setting XDC timing constraints.
INFO: [Timing 38-91] UpdateTimingParams: Speed grade: -2, Delay Type: min_max.
INFO: [Timing 38-191] Multithreading enabled for timing update using a maximum of 2 CPUs
INFO: [Timing 38-35] Done setting XDC timing constraints.
Command: report_power -file led_power_routed.rpt -pb led_power_summary_routed.pb -rpx led_power_routed.rpx
Running Vector-less Activity Propagation...

Finished Running Vector-less Activity Propagation
62 Infos, 0 Warnings, 0 Critical Warnings and 0 Errors encountered.
report_power completed successfully
INFO: [Common 17-206] Exiting Vivado at Tue Oct 02 18:35:59 2018...

*** Running vivado
    with args -log led.vdi -applog -m64 -product Vivado -messageDb vivado.pb -mode batch -source led.tcl -notrace


****** Vivado v2016.4 (64-bit)
  **** SW Build 1733598 on Wed Dec 14 22:35:39 MST 2016
  **** IP Build 1731160 on Wed Dec 14 23:47:21 MST 2016
    ** Copyright 1986-2016 Xilinx, Inc. All Rights Reserved.

source led.tcl -notrace
Command: open_checkpoint led_routed.dcp

Starting open_checkpoint Task

Time (s): cpu = 00:00:00 ; elapsed = 00:00:00.027 . Memory (MB): peak = 215.887 ; gain = 0.000
INFO: [Netlist 29-17] Analyzing 10 Unisim elements for replacement
INFO: [Netlist 29-28] Unisim Transformation completed in 0 CPU seconds
INFO: [Project 1-479] Netlist was created with Vivado 2016.4
INFO: [Device 21-403] Loading part xc7z020clg400-2
INFO: [Project 1-570] Preparing netlist for logic optimization
Parsing XDC File [D:/hexospace/hexo/source/prj/prj_led/prj_led/prj_led.runs/impl_1/.Xil/Vivado-16656-ZCL/dcp/led.xdc]
Finished Parsing XDC File [D:/hexospace/hexo/source/prj/prj_led/prj_led/prj_led.runs/impl_1/.Xil/Vivado-16656-ZCL/dcp/led.xdc]
Reading XDEF placement.
Reading placer database...
Reading XDEF routing.
Read XDEF File: Time (s): cpu = 00:00:00 ; elapsed = 00:00:00.058 . Memory (MB): peak = 525.633 ; gain = 0.000
Restored from archive | CPU: 0.000000 secs | Memory: 0.000000 MB |
Finished XDEF File Restore: Time (s): cpu = 00:00:00 ; elapsed = 00:00:00.058 . Memory (MB): peak = 525.633 ; gain = 0.000
INFO: [Project 1-111] Unisim Transformation Summary:
No Unisim elements were transformed.

INFO: [Project 1-604] Checkpoint was created with Vivado v2016.4 (64-bit) build 1733598
open_checkpoint: Time (s): cpu = 00:00:07 ; elapsed = 00:00:09 . Memory (MB): peak = 525.637 ; gain = 315.523
Command: write_bitstream -force -no_partial_bitfile led.bit
Attempting to get a license for feature 'Implementation' and/or device 'xc7z020'
INFO: [Common 17-349] Got license for feature 'Implementation' and/or device 'xc7z020'
Running DRC as a precondition to command write_bitstream
INFO: [DRC 23-27] Running DRC with 2 threads
WARNING: [DRC 23-20] Rule violation (ZPS7-1) PS7 block required - The PS7 cell must be used in this Zynq design in order to enable correct default configuration.
INFO: [Vivado 12-3199] DRC finished with 0 Errors, 1 Warnings
INFO: [Vivado 12-3200] Please refer to the DRC report (report_drc) for more information.
Loading data files...
Loading site data...
Loading route data...
Processing options...
Creating bitmap...
Creating bitstream...
Writing bitstream ./led.bit...
INFO: [Vivado 12-1842] Bitgen Completed Successfully.
INFO: [Project 1-120] WebTalk data collection is mandatory when using a WebPACK part without a full Vivado license. To see the specific WebTalk data collected for your design, open the usage_statistics_webtalk.html or usage_statistics_webtalk.xml file in the implementation directory.
INFO: [Common 17-186] 'D:/hexospace/hexo/source/prj/prj_led/prj_led/prj_led.runs/impl_1/usage_statistics_webtalk.xml' has been successfully sent to Xilinx on Tue Oct 02 18:37:35 2018. For additional details about this file, please refer to the WebTalk help file at F:/zynq_vm/vivado16/Vivado/2016.4/doc/webtalk_introduction.html.
INFO: [Common 17-83] Releasing license: Implementation
15 Infos, 1 Warnings, 0 Critical Warnings and 0 Errors encountered.
write_bitstream completed successfully
write_bitstream: Time (s): cpu = 00:00:19 ; elapsed = 00:00:25 . Memory (MB): peak = 903.230 ; gain = 377.594
INFO: [Vivado_Tcl 4-395] Unable to parse hwdef file led.hwdef
INFO: [Common 17-206] Exiting Vivado at Tue Oct 02 18:37:35 2018...
